<?xml version="1.0" encoding="UTF-8"?>
<testsuite name="bisq.core.util.ProtoUtilTest" tests="3" skipped="0" failures="0" errors="0" timestamp="2018-04-19T12:14:46" hostname="ubuntu-s-2vcpu-4gb-lon1-01" time="0.011">
  <properties/>
  <testcase name="testEnum" classname="bisq.core.util.ProtoUtilTest" time="0.003"/>
  <testcase name="testUnknownEnumFix" classname="bisq.core.util.ProtoUtilTest" time="0.007"/>
  <testcase name="testUnknownEnum" classname="bisq.core.util.ProtoUtilTest" time="0.0"/>
  <system-out><![CDATA[12:14:46.261 [Test worker] ERROR b.c.p.ProtoUtil - Invalid value for enum State: PB_ERROR 
]]></system-out>
  <system-err><![CDATA[]]></system-err>
</testsuite>
