<?xml version="1.0" encoding="UTF-8"?>
<testsuite name="bisq.core.btc.wallet.WalletSetupPreferencesTest" tests="2" skipped="0" failures="0" errors="0" timestamp="2018-04-19T12:14:42" hostname="ubuntu-s-2vcpu-4gb-lon1-01" time="2.383">
  <properties/>
  <testcase name="testSelectPreferredNodesWhenPublicOption" classname="bisq.core.btc.wallet.WalletSetupPreferencesTest" time="2.025"/>
  <testcase name="testSelectPreferredNodesWhenCustomOption" classname="bisq.core.btc.wallet.WalletSetupPreferencesTest" time="0.354"/>
  <system-out><![CDATA[]]></system-out>
  <system-err><![CDATA[]]></system-err>
</testsuite>
