<?xml version="1.0" encoding="UTF-8"?>
<testsuite name="bisq.core.offer.OfferTest" tests="2" skipped="0" failures="0" errors="0" timestamp="2018-04-19T12:14:52" hostname="ubuntu-s-2vcpu-4gb-lon1-01" time="2.132">
  <properties/>
  <testcase name="testHasNoRange" classname="bisq.core.offer.OfferTest" time="2.13"/>
  <testcase name="testHasRange" classname="bisq.core.offer.OfferTest" time="0.001"/>
  <system-out><![CDATA[]]></system-out>
  <system-err><![CDATA[]]></system-err>
</testsuite>
