<?xml version="1.0" encoding="UTF-8"?>
<testsuite name="bisq.core.provider.price.MarketPriceFeedServiceTest" tests="1" skipped="1" failures="0" errors="0" timestamp="2018-04-19T12:14:56" hostname="ubuntu-s-2vcpu-4gb-lon1-01" time="0.001">
  <properties/>
  <testcase name="testGetPrice" classname="bisq.core.provider.price.MarketPriceFeedServiceTest" time="0.001">
    <skipped/>
  </testcase>
  <system-out><![CDATA[]]></system-out>
  <system-err><![CDATA[]]></system-err>
</testsuite>
