<?xml version="1.0" encoding="UTF-8"?>
<testsuite name="bisq.core.network.p2p.seed.SeedNodeAddressLookupTest" tests="2" skipped="0" failures="0" errors="0" timestamp="2018-04-19T12:14:39" hostname="ubuntu-s-2vcpu-4gb-lon1-01" time="1.96">
  <properties/>
  <testcase name="testResolveNodeAddressesWhenLocalAddressSpecified" classname="bisq.core.network.p2p.seed.SeedNodeAddressLookupTest" time="1.943"/>
  <testcase name="testResolveNodeAddressesWhenSeedNodesAreNull" classname="bisq.core.network.p2p.seed.SeedNodeAddressLookupTest" time="0.015"/>
  <system-out><![CDATA[]]></system-out>
  <system-err><![CDATA[]]></system-err>
</testsuite>
