<?xml version="1.0" encoding="UTF-8"?>
<testsuite name="bisq.core.payment.PaymentAccountsTest" tests="2" skipped="0" failures="0" errors="0" timestamp="2018-04-19T12:14:59" hostname="ubuntu-s-2vcpu-4gb-lon1-01" time="2.291">
  <properties/>
  <testcase name="testGetOldestPaymentAccountForOffer" classname="bisq.core.payment.PaymentAccountsTest" time="2.284"/>
  <testcase name="testGetOldestPaymentAccountForOfferWhenNoValidAccounts" classname="bisq.core.payment.PaymentAccountsTest" time="0.005"/>
  <system-out><![CDATA[]]></system-out>
  <system-err><![CDATA[]]></system-err>
</testsuite>
