<?xml version="1.0" encoding="UTF-8"?>
<testsuite name="bisq.core.payment.validation.AltCoinAddressValidatorTest" tests="1" skipped="0" failures="0" errors="0" timestamp="2018-04-19T12:15:02" hostname="ubuntu-s-2vcpu-4gb-lon1-01" time="0.022">
  <properties/>
  <testcase name="test" classname="bisq.core.payment.validation.AltCoinAddressValidatorTest" time="0.022"/>
  <system-out><![CDATA[]]></system-out>
  <system-err><![CDATA[]]></system-err>
</testsuite>
