<?xml version="1.0" encoding="UTF-8"?>
<testsuite name="bisq.core.dao.blockchain.BsqBlockChainTest" tests="2" skipped="0" failures="0" errors="0" timestamp="2018-04-19T12:15:05" hostname="ubuntu-s-2vcpu-4gb-lon1-01" time="2.82">
  <properties/>
  <testcase name="testGetSnapshotHeight" classname="bisq.core.dao.blockchain.BsqBlockChainTest" time="2.819"/>
  <testcase name="testSnapshotHeight" classname="bisq.core.dao.blockchain.BsqBlockChainTest" time="0.001"/>
  <system-out><![CDATA[]]></system-out>
  <system-err><![CDATA[]]></system-err>
</testsuite>
