<?xml version="1.0" encoding="UTF-8"?>
<testsuite name="bisq.core.util.CoinCryptoUtilsTest" tests="3" skipped="0" failures="0" errors="0" timestamp="2018-04-19T12:14:46" hostname="ubuntu-s-2vcpu-4gb-lon1-01" time="0.006">
  <properties/>
  <testcase name="testGetFeePerBtc" classname="bisq.core.util.CoinCryptoUtilsTest" time="0.003"/>
  <testcase name="testMaxCoin" classname="bisq.core.util.CoinCryptoUtilsTest" time="0.0"/>
  <testcase name="testMinCoin" classname="bisq.core.util.CoinCryptoUtilsTest" time="0.002"/>
  <system-out><![CDATA[]]></system-out>
  <system-err><![CDATA[]]></system-err>
</testsuite>
