<?xml version="1.0" encoding="UTF-8"?>
<testsuite name="bisq.core.btc.wallet.PeerAddressesRepositoryTest" tests="4" skipped="0" failures="0" errors="0" timestamp="2018-04-19T12:14:46" hostname="ubuntu-s-2vcpu-4gb-lon1-01" time="0.061">
  <properties/>
  <testcase name="testGetPeerAddressesWhenConverterReturnsNull" classname="bisq.core.btc.wallet.PeerAddressesRepositoryTest" time="0.042"/>
  <testcase name="testGetPeerAddressesWhenClearNodes" classname="bisq.core.btc.wallet.PeerAddressesRepositoryTest" time="0.007"/>
  <testcase name="testGetPeerAddressesWhenOnionNodesOnly" classname="bisq.core.btc.wallet.PeerAddressesRepositoryTest" time="0.003"/>
  <testcase name="testGetPeerAddressesWhenProxyAndClearNodes" classname="bisq.core.btc.wallet.PeerAddressesRepositoryTest" time="0.005"/>
  <system-out><![CDATA[]]></system-out>
  <system-err><![CDATA[]]></system-err>
</testsuite>
