<?xml version="1.0" encoding="UTF-8"?>
<testsuite name="bisq.core.locale.BankUtilTest" tests="1" skipped="0" failures="0" errors="0" timestamp="2018-04-19T12:14:56" hostname="ubuntu-s-2vcpu-4gb-lon1-01" time="0.042">
  <properties/>
  <testcase name="testBankFieldsForArgentina" classname="bisq.core.locale.BankUtilTest" time="0.042"/>
  <system-out><![CDATA[]]></system-out>
  <system-err><![CDATA[]]></system-err>
</testsuite>
