<?xml version="1.0" encoding="UTF-8"?>
<testsuite name="bisq.core.crypto.SigTest" tests="1" skipped="0" failures="0" errors="0" timestamp="2018-04-19T12:14:54" hostname="ubuntu-s-2vcpu-4gb-lon1-01" time="1.561">
  <properties/>
  <testcase name="testSignature" classname="bisq.core.crypto.SigTest" time="1.561"/>
  <system-out><![CDATA[]]></system-out>
  <system-err><![CDATA[]]></system-err>
</testsuite>
