<?xml version="1.0" encoding="UTF-8"?>
<testsuite name="bisq.core.trade.TradableListTest" tests="1" skipped="0" failures="0" errors="0" timestamp="2018-04-19T12:14:46" hostname="ubuntu-s-2vcpu-4gb-lon1-01" time="1.283">
  <properties/>
  <testcase name="protoTesting" classname="bisq.core.trade.TradableListTest" time="1.283"/>
  <system-out><![CDATA[]]></system-out>
  <system-err><![CDATA[]]></system-err>
</testsuite>
