<?xml version="1.0" encoding="UTF-8"?>
<testsuite name="bisq.core.app.BisqEnvironmentTests" tests="1" skipped="0" failures="0" errors="0" timestamp="2018-04-19T12:14:46" hostname="ubuntu-s-2vcpu-4gb-lon1-01" time="0.04">
  <properties/>
  <testcase name="testPropertySourcePrecedence" classname="bisq.core.app.BisqEnvironmentTests" time="0.04"/>
  <system-out><![CDATA[]]></system-out>
  <system-err><![CDATA[]]></system-err>
</testsuite>
